2020-10-28 15:04:15,921 [      0]   INFO -        #com.intellij.idea.Main - ------------------------------------------------------ IDE STARTED ------------------------------------------------------ 
2020-10-28 15:04:16,248 [    327]   INFO -        #com.intellij.idea.Main - IDE: IntelliJ IDEA (build #IC-202.7660.26, 06 Oct 2020 04:32) 
2020-10-28 15:04:16,279 [    358]   INFO -        #com.intellij.idea.Main - OS: Linux (5.4.0-52-generic, amd64) 
2020-10-28 15:04:16,279 [    358]   INFO -        #com.intellij.idea.Main - JRE: 11.0.8+10-b944.34 (JetBrains s.r.o.) 
2020-10-28 15:04:16,279 [    358]   INFO -        #com.intellij.idea.Main - JVM: 11.0.8+10-b944.34 (OpenJDK 64-Bit Server VM) 
2020-10-28 15:04:16,280 [    359]   INFO -        #com.intellij.idea.Main - JVM Args: -Didea.auto.reload.plugins=true -Didea.classpath.index.enabled=false -Didea.config.path=/home/garrett/IdeaProjects/CryptoGuardPlugin/build/idea-sandbox/config -Didea.is.internal=true -Didea.platform.prefix=Idea -Didea.plugins.path=/home/garrett/IdeaProjects/CryptoGuardPlugin/build/idea-sandbox/plugins -Didea.required.plugins.id=org.cs4264.CryptoGuardPlugin -Didea.system.path=/home/garrett/IdeaProjects/CryptoGuardPlugin/build/idea-sandbox/system -Dsun.awt.disablegrab=true -Xms256m -Xmx512m -Dfile.encoding=UTF-8 -Duser.country=US -Duser.language=en -Duser.variant -ea 
2020-10-28 15:04:16,280 [    359]   INFO -        #com.intellij.idea.Main - library path: /usr/java/packages/lib:/usr/lib64:/lib64:/lib:/usr/lib 
2020-10-28 15:04:16,280 [    359]   INFO -        #com.intellij.idea.Main - boot library path: /home/garrett/.gradle/caches/modules-2/files-2.1/com.jetbrains/jbre/jbr-11_0_8-linux-x64-b944.34/jbr/lib 
2020-10-28 15:04:16,281 [    360]   INFO -        #com.intellij.idea.Main - locale=en_US JNU=UTF-8 file.encoding=UTF-8
  idea.config.path=/home/garrett/IdeaProjects/CryptoGuardPlugin/build/idea-sandbox/config
  idea.system.path=/home/garrett/IdeaProjects/CryptoGuardPlugin/build/idea-sandbox/system
  idea.plugins.path=/home/garrett/IdeaProjects/CryptoGuardPlugin/build/idea-sandbox/plugins
  idea.log.path=/home/garrett/IdeaProjects/CryptoGuardPlugin/build/idea-sandbox/system/log 
2020-10-28 15:04:16,705 [    784]   INFO -        #com.intellij.idea.Main - JNA library (64-bit) loaded in 424 ms 
2020-10-28 15:04:19,638 [   3717]   INFO - llij.ide.plugins.PluginManager - Plugin PluginDescriptor(name=Groovy, id=org.intellij.groovy, path=/home/garrett/.gradle/caches/modules-2/files-2.1/com.jetbrains.intellij.idea/ideaIC/2020.2.3/8da1f9add5eaff238a403058a25a22be5a339336/ideaIC-2020.2.3/plugins/Groovy, version=202.7660.26) misses optional descriptor duplicates-groovy.xml 
java.nio.file.NoSuchFileException: /META-INF/duplicates-groovy.xml
	at jdk.zipfs/jdk.nio.zipfs.ZipFileSystem.newInputStream(ZipFileSystem.java:591)
	at jdk.zipfs/jdk.nio.zipfs.ZipPath.newInputStream(ZipPath.java:721)
	at jdk.zipfs/jdk.nio.zipfs.ZipFileSystemProvider.newInputStream(ZipFileSystemProvider.java:275)
	at java.base/java.nio.file.Files.newInputStream(Files.java:155)
	at com.intellij.openapi.util.JDOMUtil.load(JDOMUtil.java:351)
	at com.intellij.ide.plugins.BasePathResolver.resolvePath(BasePathResolver.java:54)
	at com.intellij.ide.plugins.PluginXmlPathResolver.resolvePath(PluginXmlPathResolver.java:58)
	at com.intellij.ide.plugins.XmlReader.readDependencies(XmlReader.java:215)
	at com.intellij.ide.plugins.IdeaPluginDescriptorImpl.readExternal(IdeaPluginDescriptorImpl.java:190)
	at com.intellij.ide.plugins.PluginDescriptorLoader.loadDescriptorFromJar(PluginDescriptorLoader.java:94)
	at com.intellij.ide.plugins.PluginDescriptorLoader.loadDescriptorFromDirAndNormalize(PluginDescriptorLoader.java:145)
	at com.intellij.ide.plugins.PluginDescriptorLoader.loadDescriptorFromFileOrDir(PluginDescriptorLoader.java:120)
	at com.intellij.ide.plugins.PluginDescriptorLoader.loadDescriptor(PluginDescriptorLoader.java:44)
	at com.intellij.ide.plugins.PluginDescriptorLoader.lambda$loadDescriptorsFromDir$1(PluginDescriptorLoader.java:246)
	at java.base/java.util.concurrent.FutureTask.run(FutureTask.java:264)
	at com.intellij.util.SameThreadExecutorService.execute(SameThreadExecutorService.java:54)
	at java.base/java.util.concurrent.AbstractExecutorService.submit(AbstractExecutorService.java:140)
	at com.intellij.ide.plugins.PluginDescriptorLoader.loadDescriptorsFromDir(PluginDescriptorLoader.java:246)
	at com.intellij.ide.plugins.PluginDescriptorLoader.loadBundledDescriptorsAndDescriptorsFromDir(PluginDescriptorLoader.java:384)
	at com.intellij.ide.plugins.PluginDescriptorLoader.loadDescriptors(PluginDescriptorLoader.java:351)
	at com.intellij.ide.plugins.PluginManagerCore.lambda$getOrScheduleLoading$5(PluginManagerCore.java:793)
	at java.base/java.util.concurrent.CompletableFuture$AsyncSupply.run(CompletableFuture.java:1700)
	at java.base/java.util.concurrent.ThreadPoolExecutor.runWorker(ThreadPoolExecutor.java:1128)
	at java.base/java.util.concurrent.ThreadPoolExecutor$Worker.run(ThreadPoolExecutor.java:628)
	at java.base/java.util.concurrent.Executors$PrivilegedThreadFactory$1$1.run(Executors.java:668)
	at java.base/java.util.concurrent.Executors$PrivilegedThreadFactory$1$1.run(Executors.java:665)
	at java.base/java.security.AccessController.doPrivileged(Native Method)
	at java.base/java.util.concurrent.Executors$PrivilegedThreadFactory$1.run(Executors.java:665)
	at java.base/java.lang.Thread.run(Thread.java:834)
2020-10-28 15:04:19,663 [   3742]   INFO - llij.ide.plugins.PluginManager - Plugin PluginDescriptor(name=Groovy, id=org.intellij.groovy, path=/home/garrett/.gradle/caches/modules-2/files-2.1/com.jetbrains.intellij.idea/ideaIC/2020.2.3/8da1f9add5eaff238a403058a25a22be5a339336/ideaIC-2020.2.3/plugins/Groovy, version=202.7660.26) misses optional descriptor duplicates-detection-groovy.xml 
java.nio.file.NoSuchFileException: /META-INF/duplicates-detection-groovy.xml
	at jdk.zipfs/jdk.nio.zipfs.ZipFileSystem.newInputStream(ZipFileSystem.java:591)
	at jdk.zipfs/jdk.nio.zipfs.ZipPath.newInputStream(ZipPath.java:721)
	at jdk.zipfs/jdk.nio.zipfs.ZipFileSystemProvider.newInputStream(ZipFileSystemProvider.java:275)
	at java.base/java.nio.file.Files.newInputStream(Files.java:155)
	at com.intellij.openapi.util.JDOMUtil.load(JDOMUtil.java:351)
	at com.intellij.ide.plugins.BasePathResolver.resolvePath(BasePathResolver.java:54)
	at com.intellij.ide.plugins.PluginXmlPathResolver.resolvePath(PluginXmlPathResolver.java:58)
	at com.intellij.ide.plugins.XmlReader.readDependencies(XmlReader.java:215)
	at com.intellij.ide.plugins.IdeaPluginDescriptorImpl.readExternal(IdeaPluginDescriptorImpl.java:190)
	at com.intellij.ide.plugins.PluginDescriptorLoader.loadDescriptorFromJar(PluginDescriptorLoader.java:94)
	at com.intellij.ide.plugins.PluginDescriptorLoader.loadDescriptorFromDirAndNormalize(PluginDescriptorLoader.java:145)
	at com.intellij.ide.plugins.PluginDescriptorLoader.loadDescriptorFromFileOrDir(PluginDescriptorLoader.java:120)
	at com.intellij.ide.plugins.PluginDescriptorLoader.loadDescriptor(PluginDescriptorLoader.java:44)
	at com.intellij.ide.plugins.PluginDescriptorLoader.lambda$loadDescriptorsFromDir$1(PluginDescriptorLoader.java:246)
	at java.base/java.util.concurrent.FutureTask.run(FutureTask.java:264)
	at com.intellij.util.SameThreadExecutorService.execute(SameThreadExecutorService.java:54)
	at java.base/java.util.concurrent.AbstractExecutorService.submit(AbstractExecutorService.java:140)
	at com.intellij.ide.plugins.PluginDescriptorLoader.loadDescriptorsFromDir(PluginDescriptorLoader.java:246)
	at com.intellij.ide.plugins.PluginDescriptorLoader.loadBundledDescriptorsAndDescriptorsFromDir(PluginDescriptorLoader.java:384)
	at com.intellij.ide.plugins.PluginDescriptorLoader.loadDescriptors(PluginDescriptorLoader.java:351)
	at com.intellij.ide.plugins.PluginManagerCore.lambda$getOrScheduleLoading$5(PluginManagerCore.java:793)
	at java.base/java.util.concurrent.CompletableFuture$AsyncSupply.run(CompletableFuture.java:1700)
	at java.base/java.util.concurrent.ThreadPoolExecutor.runWorker(ThreadPoolExecutor.java:1128)
	at java.base/java.util.concurrent.ThreadPoolExecutor$Worker.run(ThreadPoolExecutor.java:628)
	at java.base/java.util.concurrent.Executors$PrivilegedThreadFactory$1$1.run(Executors.java:668)
	at java.base/java.util.concurrent.Executors$PrivilegedThreadFactory$1$1.run(Executors.java:665)
	at java.base/java.security.AccessController.doPrivileged(Native Method)
	at java.base/java.util.concurrent.Executors$PrivilegedThreadFactory$1.run(Executors.java:665)
	at java.base/java.lang.Thread.run(Thread.java:834)
2020-10-28 15:04:22,889 [   6968]   INFO - ntellij.idea.ApplicationLoader - CPU cores: 1; ForkJoinPool.commonPool: java.util.concurrent.ForkJoinPool@74504440[Running, parallelism = 1, size = 0, active = 0, running = 0, steals = 0, tasks = 0, submissions = 0]; factory: com.intellij.concurrency.IdeaForkJoinWorkerThreadFactory@1cce21e6 
2020-10-28 15:04:23,439 [   7518]   INFO - llij.ide.plugins.PluginManager - Plugin PluginDescriptor(name=Java, id=com.intellij.java, path=/home/garrett/.gradle/caches/modules-2/files-2.1/com.jetbrains.intellij.idea/ideaIC/2020.2.3/8da1f9add5eaff238a403058a25a22be5a339336/ideaIC-2020.2.3/plugins/java, version=202.7660.26) misses optional descriptor profiler-java.xml 
java.nio.file.NoSuchFileException: /META-INF/profiler-java.xml
	at jdk.zipfs/jdk.nio.zipfs.ZipFileSystem.newInputStream(ZipFileSystem.java:591)
	at jdk.zipfs/jdk.nio.zipfs.ZipPath.newInputStream(ZipPath.java:721)
	at jdk.zipfs/jdk.nio.zipfs.ZipFileSystemProvider.newInputStream(ZipFileSystemProvider.java:275)
	at java.base/java.nio.file.Files.newInputStream(Files.java:155)
	at com.intellij.openapi.util.JDOMUtil.load(JDOMUtil.java:351)
	at com.intellij.ide.plugins.BasePathResolver.resolvePath(BasePathResolver.java:54)
	at com.intellij.ide.plugins.PluginXmlPathResolver.resolvePath(PluginXmlPathResolver.java:58)
	at com.intellij.ide.plugins.XmlReader.readDependencies(XmlReader.java:215)
	at com.intellij.ide.plugins.IdeaPluginDescriptorImpl.readExternal(IdeaPluginDescriptorImpl.java:190)
	at com.intellij.ide.plugins.PluginDescriptorLoader.loadDescriptorFromJar(PluginDescriptorLoader.java:94)
	at com.intellij.ide.plugins.PluginDescriptorLoader.loadDescriptorFromDirAndNormalize(PluginDescriptorLoader.java:145)
	at com.intellij.ide.plugins.PluginDescriptorLoader.loadDescriptorFromFileOrDir(PluginDescriptorLoader.java:120)
	at com.intellij.ide.plugins.PluginDescriptorLoader.loadDescriptor(PluginDescriptorLoader.java:44)
	at com.intellij.ide.plugins.PluginDescriptorLoader.lambda$loadDescriptorsFromDir$1(PluginDescriptorLoader.java:246)
	at java.base/java.util.concurrent.FutureTask.run(FutureTask.java:264)
	at com.intellij.util.SameThreadExecutorService.execute(SameThreadExecutorService.java:54)
	at java.base/java.util.concurrent.AbstractExecutorService.submit(AbstractExecutorService.java:140)
	at com.intellij.ide.plugins.PluginDescriptorLoader.loadDescriptorsFromDir(PluginDescriptorLoader.java:246)
	at com.intellij.ide.plugins.PluginDescriptorLoader.loadBundledDescriptorsAndDescriptorsFromDir(PluginDescriptorLoader.java:384)
	at com.intellij.ide.plugins.PluginDescriptorLoader.loadDescriptors(PluginDescriptorLoader.java:351)
	at com.intellij.ide.plugins.PluginManagerCore.lambda$getOrScheduleLoading$5(PluginManagerCore.java:793)
	at java.base/java.util.concurrent.CompletableFuture$AsyncSupply.run(CompletableFuture.java:1700)
	at java.base/java.util.concurrent.ThreadPoolExecutor.runWorker(ThreadPoolExecutor.java:1128)
	at java.base/java.util.concurrent.ThreadPoolExecutor$Worker.run(ThreadPoolExecutor.java:628)
	at java.base/java.util.concurrent.Executors$PrivilegedThreadFactory$1$1.run(Executors.java:668)
	at java.base/java.util.concurrent.Executors$PrivilegedThreadFactory$1$1.run(Executors.java:665)
	at java.base/java.security.AccessController.doPrivileged(Native Method)
	at java.base/java.util.concurrent.Executors$PrivilegedThreadFactory$1.run(Executors.java:665)
	at java.base/java.lang.Thread.run(Thread.java:834)
2020-10-28 15:04:23,900 [   7979]   INFO - ntellij.idea.ApplicationLoader - WM detected: GNOME Shell 
2020-10-28 15:04:24,410 [   8489]   INFO - llij.ide.plugins.PluginManager - Loaded bundled plugins: IDEA CORE (202.7660.26), com.intellij.platform.images (202.7660.26), JetBrains maven model api classes (202.7660.26), JetBrains Repository Search (202.7660.26), Subversion (202.7660.26), XPathView + XSLT (202.7660.26), XSLT Debugger (202.7660.26), Smali Support (202.7660.26), Configuration Script (202.7660.26), Copyright (202.7660.26), Gradle (202.7660.26), Java (202.7660.26), Bytecode Viewer (202.7660.26), JUnit (202.7660.26), Java IDE Customization (202.7660.26), Java Stream Debugger (202.7660.26), Eclipse Interoperability (202.7660.26), Java Bytecode Decompiler (202.7660.26), macOS Light Theme (202.7660.26), Windows 10 Light Theme (202.7660.26), Properties (202.7660.26), Ant (202.7660.26), Java Internationalization (202.7660.26), UI Designer (202.7660.26), JavaFX (202.7660.26), Resource Bundle Editor (202.7660.26), Machine Learning Code Completion (202.7660.26), Task Management (202.7660.26), Mercurial (202.7660.26), Webp Support (202.7660.26), EditorConfig (202.7660.26), Terminal (202.7660.26), Git (202.7660.26), ChangeReminder (202.7660.26), Next File Prediction (202.7660.26), GitHub (202.7660.26), Shell Script (202.7660.26), TextMate Bundles (202.7660.26), YAML (202.7660.26), Settings Repository (202.7660.26), IntelliLang (202.7660.26), TestNG (202.7660.26), Code Coverage for Java (202.7660.26), Groovy (202.7660.26), Maven (202.7660.26), Gradle-Java (202.7660.26), Plugin DevKit (202.7660.26), Gradle-Maven (202.7660.26), Kotlin (1.3.72-release-IJ2020.1-6), Android (10.4.0.202.7660.26), Markdown (202.7660.26), Grazie (202.7660.26) 
2020-10-28 15:04:24,410 [   8489]   INFO - llij.ide.plugins.PluginManager - Loaded custom plugins: CryptoGuard (1.0-SNAPSHOT) 
2020-10-28 15:04:29,602 [  13681]   INFO - m.intellij.util.io.StorageLock - lower=100; upper=474; buffer=10; max=474 
2020-10-28 15:04:29,694 [  13773]   INFO - tellij.util.io.FileChannelUtil - un-interruptible FileChannel-s will be used for indexes 
2020-10-28 15:04:30,906 [  14985]   INFO - fs.newvfs.persistent.FSRecords - Marking VFS as corrupted: '/home/garrett/IdeaProjects/CryptoGuardPlugin/build/idea-sandbox/system/caches/names.dat' does not exist 
2020-10-28 15:04:31,333 [  15412]   INFO - pl.local.NativeFileWatcherImpl - Starting file watcher: /home/garrett/.gradle/caches/modules-2/files-2.1/com.jetbrains.intellij.idea/ideaIC/2020.2.3/8da1f9add5eaff238a403058a25a22be5a339336/ideaIC-2020.2.3/bin/linux/fsnotifier64 
2020-10-28 15:04:31,570 [  15649]   INFO - pl.local.NativeFileWatcherImpl - Native file watcher is operational. 
2020-10-28 15:04:32,154 [  16233]   INFO - til.net.ssl.CertificateManager - Default SSL context initialized 
2020-10-28 15:04:32,896 [  16975]   INFO - com.intellij.ide.ui.UISettings - Loaded: fontSize=13, fontScale=1.0; restored: fontSize=13, fontScale=1.0 
2020-10-28 15:04:33,432 [  17511]   WARN - j.internal.DebugAttachDetector - Unable to start DebugAttachDetector, please add `--add-exports java.base/jdk.internal.vm=ALL-UNNAMED` to VM options 
2020-10-28 15:04:34,165 [  18244]   INFO - .history.utils.LocalHistoryLog - local history version mismatch (was: 0, expected: 6), rebuilding... 
2020-10-28 15:04:34,174 [  18253]   INFO - .history.utils.LocalHistoryLog - FS has been rebuild, rebuilding local history... 
2020-10-28 15:04:34,422 [  18501]   INFO - rains.ide.BuiltInServerManager - built-in server started, port 63343 
2020-10-28 15:04:34,803 [  18882]   INFO - stubs.SerializationManagerImpl - Name storage is repaired 
2020-10-28 15:04:37,771 [  21850]   INFO - tellij.ide.SystemHealthMonitor - restored ignored PIPE handler 
2020-10-28 15:04:38,537 [  22616]   INFO - gs.impl.UpdateCheckerComponent - channel: release 
2020-10-28 15:04:38,550 [  22629]   INFO - penapi.application.Experiments - Experimental features enabled for user: wsl.p9.support, wsl.p9.show.roots.in.file.chooser, inline.browse.button, linux.native.menu, recent.and.edited.files.together, show.create.new.element.in.popup, copy.reference.popup, new.large.text.file.viewer, property.value.inplace.editing, terminal.shell.command.handling 
2020-10-28 15:04:42,450 [  26529]   INFO - il.indexing.FileBasedIndexImpl - Indexes to be rebuilt after corruption:FilenameIndex(v = 3),FrameworkDetectionIndex(v = 0),TodoIndex(v = 4107),IdIndex(v = 4113),filetypes(v = 3),Stubs(v = 46),Trigram.Index(v = 4099),fileIncludes(v = 6),DomFileIndex(v = -1189920956),RelaxSymbolIndex(v = 0),XmlTagNames(v = 1),XmlNamespaces(v = 8),html5.custom.attributes.index(v = 1),SchemaTypeInheritance(v = 2),json.file.root.values(v = 5),XsltSymbolIndex(v = 0),bytecodeAnalysis(v = 4107),java.auto.module.name(v = 5),java.source.module.name(v = 2),java.null.method.argument(v = 4097),java.fun.expression(v = 4102),java.binary.plus.expression(v = 4100),xmlProperties(v = 2),ant-imports(v = 5),com.intellij.uiDesigner.FormClassIndex(v = 0),JavaFxControllerClassIndex(v = 1),javafx.id.name(v = 3),javafx.custom.component(v = 2),editorconfig.index.name(v = 5),yaml.keys.name(v = 1),groovy.trait.fields(v = 5),groovy.trait.methods(v = 25),IdeaPluginRegistrationIndex(v = 3),PluginIdModuleIndex(v = 1),PluginIdDependenciesIndex(v = 1),devkit.ExtensionPointIndex(v = 0),org.jetbrains.kotlin.idea.versions.KotlinJvmMetadataVersionIndex(v = 5),org.jetbrains.kotlin.idea.versions.KotlinJsMetadataVersionIndex(v = 3),org.jetbrains.kotlin.idea.vfilefinder.KotlinClassFileIndex(v = 3),org.jetbrains.kotlin.idea.vfilefinder.KotlinJavaScriptMetaFileIndex(v = 4),org.jetbrains.kotlin.idea.vfilefinder.KotlinMetadataFileIndex(v = 1),org.jetbrains.kotlin.idea.vfilefinder.KotlinMetadataFilePackageIndex(v = 1),org.jetbrains.kotlin.idea.vfilefinder.KotlinModuleMappingIndex(v = 5),org.jetbrains.kotlin.idea.vfilefinder.KotlinPackageSourcesMemberNamesIndex(v = 2),org.jetbrains.kotlin.idea.vfilefinder.KotlinJvmModuleAnnotationsIndex(v = 1),org.jetbrains.kotlin.ide.konan.index.KotlinNativeMetaFileIndex(v = 4),com.android.tools.idea.model.AndroidManifestIndex$Companion$NAME$1.NAME(v = 4),BindingXmlIndex(v = 7),MlModelFileIndex(v = 1) 
2020-10-28 15:04:42,494 [  26573]   INFO - leBasedIndexDataInitialization - Initialization done: 8849 
2020-10-28 15:04:43,624 [  27703]   INFO - tellij.psi.stubs.StubIndexImpl - Following stub indices will be built:dom.namespaceKey(v = 1),dom.elementClass(v = 0),properties.index(v = 2),gr.class.fqn(v = 1),gr.script.fqn(v = 2),gr.field.name(v = 2),gr.method.name(v = 2),gr.annot.method.name(v = 2),gr.annot.members(v = 2),gr.script.class(v = 2),gr.class.super(v = 2),gr.anonymous.class(v = 3),org.jetbrains.kotlin.idea.stubindex.KotlinExactPackagesIndex(v = 2),org.jetbrains.kotlin.idea.stubindex.KotlinTopLevelClassByPackageIndex(v = 2),org.jetbrains.kotlin.idea.stubindex.KotlinTopLevelFunctionByPackageIndex(v = 2),org.jetbrains.kotlin.idea.stubindex.KotlinTopLevelPropertyByPackageIndex(v = 2),org.jetbrains.kotlin.idea.stubindex.KotlinTopLevelTypeAliasByPackageIndex(v = 2),org.jetbrains.kotlin.idea.stubindex.KotlinClassShortNameIndex(v = 2),org.jetbrains.kotlin.idea.stubindex.KotlinFullClassNameIndex(v = 2),org.jetbrains.kotlin.idea.stubindex.KotlinPropertyShortNameIndex(v = 2),org.jetbrains.kotlin.idea.stubindex.KotlinFunctionShortNameIndex(v = 2),org.jetbrains.kotlin.idea.stubindex.KotlinTypeAliasShortNameIndex(v = 2),org.jetbrains.kotlin.idea.stubindex.KotlinSuperClassIndex(v = 2),org.jetbrains.kotlin.idea.stubindex.KotlinTopLevelFunctionFqnNameIndex(v = 2),org.jetbrains.kotlin.idea.stubindex.KotlinTopLevelPropertyFqnNameIndex(v = 2),org.jetbrains.kotlin.idea.stubindex.KotlinTopLevelTypeAliasFqNameIndex(v = 2),org.jetbrains.kotlin.idea.stubindex.KotlinTopLevelExtensionsByReceiverTypeIndex(v = 2),org.jetbrains.kotlin.idea.stubindex.KotlinAnnotationsIndex(v = 3),org.jetbrains.kotlin.idea.stubindex.KotlinProbablyNothingFunctionShortNameIndex(v = 2),org.jetbrains.kotlin.idea.stubindex.KotlinProbablyNothingPropertyShortNameIndex(v = 2),org.jetbrains.kotlin.idea.stubindex.KotlinProbablyContractedFunctionShortNameIndex(v = 2),org.jetbrains.kotlin.idea.stubindex.KotlinFileFacadeFqNameIndex(v = 2),org.jetbrains.kotlin.idea.stubindex.KotlinFilePartClassIndex(v = 2),org.jetbrains.kotlin.idea.stubindex.KotlinFileFacadeClassByPackageIndex(v = 2),org.jetbrains.kotlin.idea.stubindex.KotlinFileFacadeShortNameIndex(v = 2),org.jetbrains.kotlin.idea.stubindex.KotlinMultifileClassPartIndex(v = 2),org.jetbrains.kotlin.idea.stubindex.KotlinScriptFqnIndex(v = 2),org.jetbrains.kotlin.idea.stubindex.KotlinTypeAliasByExpansionShortNameIndex(v = 2),org.jetbrains.kotlin.idea.stubindex.KotlinOverridableInternalMembersShortNameIndex(v = 2),markdown.header(v = 2),java.annotations(v = 2),java.class.extlist(v = 3),java.field.name(v = 2),java.method.name(v = 2),jvm.static.member.name(v = 2),jvm.static.member.type(v = 2),java.anonymous.baseref(v = 2),java.method.parameter.types(v = 3),java.class.shortname(v = 4),java.class.fqn(v = 1),java.module.name(v = 4) 
2020-10-28 15:04:43,630 [  27709]   INFO - exImpl$StubIndexInitialization - Initialization done: 1136 
2020-10-28 15:04:45,546 [  29625]   INFO - penapi.wm.impl.GlobalMenuLinux - Closed dbus-service 'com.canonical.AppMenu.Registrar' 
2020-10-28 15:04:47,101 [  31180]   INFO - ntellij.idea.ApplicationLoader - canDisableInputMethod spent 213 ms, found keyboard layouts: [(us, xkb), ], result==true 
2020-10-28 15:05:16,977 [  61056]   WARN - .diagnostic.PerformanceWatcher - UI was frozen for 23019ms, details saved to /home/garrett/IdeaProjects/CryptoGuardPlugin/build/idea-sandbox/system/log/threadDumps-freeze-20201028-150458-IC-202.7660.26-NewProjectWizard.init-23sec 
2020-10-28 15:05:26,671 [  70750]   INFO - BridgeProjectLifecycleListener - Using legacy project model to open project 
2020-10-28 15:05:27,924 [  72003]   WARN - Container.ComponentManagerImpl - Do not use constructor injection (requestorClass=org.jetbrains.android.compose.AndroidComposeAutoDocumentation) 
2020-10-28 15:05:28,622 [  72701]   INFO - rojectCodeStyleSettingsManager - Initialized from default code style settings. 
2020-10-28 15:05:30,083 [  74162]   INFO - penapi.project.DumbServiceImpl - cancel com.intellij.openapi.roots.impl.PushedFilePropertiesUpdaterImpl$3@738c000a 
2020-10-28 15:05:30,143 [  74222]   INFO - penapi.project.DumbServiceImpl - cancel com.intellij.openapi.roots.impl.PushedFilePropertiesUpdaterImpl$3@738c000a 
2020-10-28 15:05:30,154 [  74233]   WARN - tartup.impl.StartupManagerImpl - Activities registered via registerPostStartupActivity must be dumb-aware: com.intellij.ide.impl.NewProjectUtil$$Lambda$1488/0x0000000101313840@1e70f8a1 
2020-10-28 15:05:33,443 [  77522]   INFO - penapi.wm.impl.GlobalMenuLinux - created instance of GlobalMenuLinux for xid=0x20000f2 
2020-10-28 15:05:35,863 [  79942]   WARN - tartup.impl.StartupManagerImpl - Activities registered via registerPostStartupActivity must be dumb-aware: org.jetbrains.kotlin.idea.configuration.ui.KotlinConfigurationCheckerComponent$projectOpened$1@8f572ef 
2020-10-28 15:05:35,989 [  80068]   INFO - j.ide.script.IdeStartupScripts - 0 startup script(s) found 
2020-10-28 15:05:39,028 [  83107]   INFO - ge.ExternalProjectsDataStorage - Load external projects data in 79 millis (read time: 23) 
2020-10-28 15:05:39,611 [  83690]   INFO - CompilerWorkspaceConfiguration - Available processors: 1 
2020-10-28 15:05:40,896 [  84975]   INFO - .diagnostic.PerformanceWatcher - Post-startup activities under progress took 3494ms; general responsiveness: ok; EDT responsiveness: ok 
2020-10-28 15:05:45,344 [  89423]   INFO - rationStore.ComponentStoreImpl - Saving appCodeFoldingSettings took 11 ms, CodeInsightSettings took 15 ms, DebuggerSettings took 201 ms, FileTypeManager took 123 ms, GeneralSettings took 16 ms, GraziConfig took 26 ms, InspectionProfileManager took 28 ms, OsSpecificEditorSettings took 11 ms, ProjectJdkTable took 20 ms, UISettings took 23 ms, XDebuggerSettings took 34 ms 
2020-10-28 15:05:45,950 [  90029]   WARN - .intellij.diagnostic.VMOptions - VM options file not configured 
2020-10-28 15:05:45,951 [  90030]   INFO - gnostic.MemorySizeConfigurator - Physical memory 10380M, minimum memory size 256M, -Xmx adjusted from 512M to 1297M 
2020-10-28 15:05:48,039 [  92118]   INFO - tor.impl.FileEditorManagerImpl - Project opening took 21575 ms 
2020-10-28 15:05:48,224 [  92303]   INFO - roject.DumbServiceGuiTaskQueue - Running dumb mode task: com.intellij.util.indexing.UnindexedFilesUpdater@544a0d72 
2020-10-28 15:05:48,375 [  92454]   INFO - .diagnostic.PerformanceWatcher - Pushing properties took 123ms; general responsiveness: ok; EDT responsiveness: ok 
2020-10-28 15:05:48,983 [  93062]   INFO - rationStore.ComponentStoreImpl - Saving Module: 'untitled1'AutoImportedSourceRoots took 16 ms, ExternalSystem took 21 ms, NewModuleRootManager took 315 ms 
2020-10-28 15:05:50,672 [  94751]   INFO - rationStore.ComponentStoreImpl - Saving Project(name=untitled1, containerState=ACTIVE, componentStore=/home/garrett/IdeaProjects/untitled1)ArtifactManager took 20 ms, BookmarkManager took 19 ms, ChangeListManager took 44 ms, ChangesViewManager took 17 ms, DockManager took 12 ms, ExternalProjectsData took 25 ms, ExternalProjectsManager took 23 ms, GradleLocalSettings took 22 ms, Kotlin2JvmCompilerArguments took 67 ms, KotlinCommonCompilerArguments took 19 ms, ProjectFrameBounds took 38 ms, ProjectModuleManager took 16 ms, ServiceViewManager took 15 ms, TaskManager took 21 ms, TaskProjectConfiguration took 33 ms, ToolWindowManager took 49 ms, VcsManagerConfiguration took 16 ms, XDebuggerManager took 72 ms, hg4idea.settings took 20 ms 
2020-10-28 15:05:53,779 [  97858]   INFO - mponents.impl.stores.StoreUtil - saveProjectsAndApp took 13065 ms 
2020-10-28 15:05:54,701 [  98780]   INFO - rationStore.ComponentStoreImpl - Saving appFileTypeManager took 37 ms 
2020-10-28 15:05:58,730 [ 102809]   INFO - .script.IdeScriptEngineManager - javax.script.ScriptEngineManager initialized in 2540 ms 
2020-10-28 15:06:20,398 [ 124477]   INFO - .diagnostic.PerformanceWatcher - Indexable file iteration took 32022ms; general responsiveness: ok; EDT responsiveness: 3/32 sluggish, 6/32 very slow 
2020-10-28 15:06:20,525 [ 124604]   INFO - indexing.UnindexedFilesUpdater - Unindexed files update started: 43669 files to index 
2020-10-28 15:06:20,531 [ 124610]   INFO - indexing.UnindexedFilesUpdater - Using 1 thread for indexing 
2020-10-28 15:07:33,128 [ 197207]   INFO - rationStore.ComponentStoreImpl - Saving appCodeInsightSettings took 12 ms, FileTypeManager took 28 ms, TodoConfiguration took 44 ms 
2020-10-28 15:08:34,301 [ 258380]   INFO - .openapi.util.LowMemoryWatcher - Low memory signal received: afterGc=false 
2020-10-28 15:10:49,157 [ 393236]   INFO - .diagnostic.PerformanceWatcher - Unindexed files update took 268632ms; general responsiveness: 1/268 sluggish; EDT responsiveness: 2/268 sluggish, 3/268 very slow 
2020-10-28 15:10:49,158 [ 393237]   INFO - snapshot.SnapshotInputMappings - Snapshot mappings stats for java.binary.plus.expression. requests: 0, hits: 0, misses: 0 
2020-10-28 15:10:49,159 [ 393238]   INFO - snapshot.SnapshotInputMappings - Snapshot mappings stats for java.fun.expression. requests: 0, hits: 0, misses: 0 
2020-10-28 15:10:49,162 [ 393241]   INFO - snapshot.SnapshotInputMappings - Snapshot mappings stats for java.null.method.argument. requests: 0, hits: 0, misses: 0 
2020-10-28 15:10:49,162 [ 393241]   INFO - snapshot.SnapshotInputMappings - Snapshot mappings stats for bytecodeAnalysis. requests: 25084, hits: 0, misses: 25084 
2020-10-28 15:10:49,162 [ 393241]   INFO - snapshot.SnapshotInputMappings - Snapshot mappings stats for Trigram.Index. requests: 18585, hits: 22, misses: 18563 
2020-10-28 15:10:49,162 [ 393241]   INFO - snapshot.SnapshotInputMappings - Snapshot mappings stats for IdIndex. requests: 18577, hits: 22, misses: 18555 
2020-10-28 15:10:49,163 [ 393242]   INFO - snapshot.SnapshotInputMappings - Snapshot mappings stats for TodoIndex. requests: 0, hits: 0, misses: 0 
2020-10-28 15:10:49,163 [ 393242]   INFO - roject.DumbServiceGuiTaskQueue - Running dumb mode task: com.intellij.openapi.roots.impl.PushedFilePropertiesUpdaterImpl$3@6115b30c 
2020-10-28 15:10:49,177 [ 393256]   INFO - penapi.project.DumbServiceImpl - updateFinished 
2020-10-28 15:10:49,191 [ 393270]   INFO - g.FileBasedIndexProjectHandler - Has changed files: false; project=Project(name=untitled1, containerState=ACTIVE, componentStore=/home/garrett/IdeaProjects/untitled1) 
2020-10-28 15:10:50,403 [ 394482]   INFO - roject.DumbServiceGuiTaskQueue - Running dumb mode task: com.android.tools.idea.res.ResourceFolderRepositoryFileCacheImpl$PruneTask@2b83ae0c 
2020-10-28 15:10:50,412 [ 394491]   INFO - roject.DumbServiceGuiTaskQueue - Running dumb mode task: com.android.tools.idea.res.ResourceFolderRepositoryFileCacheImpl$ManageLruProjectFilesTask@2a5e775f 
2020-10-28 15:10:50,492 [ 394571]   INFO - penapi.project.DumbServiceImpl - updateFinished 
2020-10-28 15:10:50,495 [ 394574]   INFO - g.FileBasedIndexProjectHandler - Has changed files: false; project=Project(name=untitled1, containerState=ACTIVE, componentStore=/home/garrett/IdeaProjects/untitled1) 
2020-10-28 15:10:50,718 [ 394797]   INFO - roject.DumbServiceGuiTaskQueue - Running dumb mode task: com.android.tools.idea.res.ResourceFolderRegistry$PopulateCachesTask@18f32bee 
2020-10-28 15:10:50,813 [ 394892]   INFO - penapi.project.DumbServiceImpl - updateFinished 
2020-10-28 15:10:50,824 [ 394903]   INFO - g.FileBasedIndexProjectHandler - Has changed files: false; project=Project(name=untitled1, containerState=ACTIVE, componentStore=/home/garrett/IdeaProjects/untitled1) 
2020-10-28 15:11:06,932 [ 411011]   INFO - rationStore.ComponentStoreImpl - Saving appDaemonCodeAnalyzerSettings took 11 ms, FileTypeManager took 33 ms, NotRoamableUiSettings took 29 ms, ProjectJdkTable took 13 ms, TextMateSettings took 39 ms, TodoConfiguration took 12 ms, WindowManager took 11 ms 
2020-10-28 15:11:07,147 [ 411226]   WARN - com.intellij.util.xmlb.Binding - no accessors for org.jetbrains.kotlin.idea.scripting.gradle.GradleScriptInputsWatcher$Storage 
2020-10-28 15:11:07,258 [ 411337]   WARN - com.intellij.util.xmlb.Binding - no accessors for org.jetbrains.kotlin.idea.core.script.configuration.utils.ScriptClassRootsStorage 
2020-10-28 15:11:07,304 [ 411383]   INFO - rationStore.ComponentStoreImpl - Saving Project(name=untitled1, containerState=ACTIVE, componentStore=/home/garrett/IdeaProjects/untitled1)HgUpdateConfigurationSettings took 13 ms, KotlinCommonCompilerArguments took 100 ms, ToolWindowManager took 16 ms, XDebuggerManager took 16 ms 
2020-10-28 15:11:12,469 [ 416548]   INFO - rationStore.ComponentStoreImpl - Saving appFileTypeManager took 20 ms, TodoConfiguration took 25 ms 
2020-10-28 15:11:12,750 [ 416829]   INFO - rationStore.ComponentStoreImpl - Saving Project(name=untitled1, containerState=ACTIVE, componentStore=/home/garrett/IdeaProjects/untitled1)ProjectView took 26 ms, ProjectViewState took 12 ms, Vcs.Log.Tabs.Properties took 21 ms 
2020-10-28 15:11:14,160 [ 418239]   INFO - org.jetbrains.io.BuiltInServer - web server stopped 
2020-10-28 15:11:14,161 [ 418240]   INFO - .impl.FileTypeDetectionService - 35 auto-detected files. Detection took 294 ms 
2020-10-28 15:11:14,177 [ 418256]   INFO - pl.local.NativeFileWatcherImpl - Watcher terminated with exit code 0 
2020-10-28 15:11:14,314 [ 418393]   INFO - il.indexing.FileBasedIndexImpl - START INDEX SHUTDOWN 
2020-10-28 15:11:14,637 [ 418716]   INFO - tellij.psi.stubs.StubIndexImpl - StubIndexExtension-s were unloaded 
2020-10-28 15:11:14,716 [ 418795]   INFO - il.indexing.FileBasedIndexImpl - END INDEX SHUTDOWN 
2020-10-28 15:11:14,716 [ 418795]   INFO - newvfs.persistent.PersistentFS - VFS dispose started 
2020-10-28 15:11:14,741 [ 418820]   INFO - newvfs.persistent.PersistentFS - VFS dispose completed 
2020-10-28 15:11:14,742 [ 418821]   INFO - stubs.SerializationManagerImpl - Start shutting down /home/garrett/IdeaProjects/CryptoGuardPlugin/build/idea-sandbox/system/index/rep.names 
2020-10-28 15:11:14,742 [ 418821]   INFO - stubs.SerializationManagerImpl - Finished shutting down /home/garrett/IdeaProjects/CryptoGuardPlugin/build/idea-sandbox/system/index/rep.names 
2020-10-28 15:11:14,780 [ 418859]   INFO - plication.impl.ApplicationImpl - Write action Statistics:
Event number:     33
Total time spent: 5801ms
Average duration: 175ms
Median  duration: 13ms
Max     duration: 2329ms (it was 'write action (class com.intellij.configurationStore.ProjectSaveSessionProducerManager$saveWithAdditionalSaveSessions$$inlined$withEdtContext$1$lambda$1)') 
2020-10-28 15:11:14,808 [ 418887]   INFO - plication.impl.ApplicationImpl - AnAction.update() Statistics:
Event number:     2547
Total time spent: 2569ms
Average duration: 1ms
Median  duration: 0ms
Max     duration: 1128ms (it was 'Groovy Shell... action update (class org.jetbrains.plugins.groovy.shell.GroovyShellAction)') 
2020-10-28 15:11:14,809 [ 418888]   INFO - plication.impl.ApplicationImpl - Global instance threads created counter = 12; ProcessIOExecutorService threads: 4 
2020-10-28 15:11:14,888 [ 418967]   INFO -        #com.intellij.idea.Main - ------------------------------------------------------ IDE SHUTDOWN ------------------------------------------------------ 
2020-10-28 15:11:14,906 [ 418985]   INFO - org.jetbrains.io.BuiltInServer - web server stopped 
